Expression	Value	Location	Type	
g_tofDisplay	-1293	Memory:0x26e6	long	
g_averageTimeResultDown	2.0513378144E+1	Memory:0x1f06	double	
g_averageTimeResultUp	2.05146522E+1	Memory:0x1d72	double	
g_calibrateCorrectionFactor	1.0039405822	Memory:0x1d46	double	
g_averageTimeResultDown	2.0513378144E+1	Memory:0x1f06	double	
g_averageTimeResultUp	2.05146522E+1	Memory:0x1d72	double	
g_timeOfFlight	-1257	Memory:0x209e	long	
g_calibrateCorrectionFactor	1.0039405822	Memory:0x1d46	double	
g_tdcStatusRegister	17	Memory:0x1d40	unsigned int	
g_tdcStatusRegister	17	Memory:0x1d40	unsigned int	
g_PW1STValue	5.46875E-1	Memory:0x209a	double	
g_timeOfFlightBuffer	<array>	Memory:0x20a6	long[100]	
tempValueBuffer	<array>	Memory:0x2236	long[100]	
g_averageTimeResultDown	2.0513378144E+1	Memory:0x1f06	double	
g_timeResultdown0	6.15401916E+1	Memory:0x1d56	double	
g_timeResultdown1	6.5536E+4	Memory:0x1d5a	double	
g_timeResultdown2	3.4324264522E+2	Memory:0x1d5e	double	
g_averageTimeResultUp	2.05146522E+1	Memory:0x1d72	double	
g_timeResultup0	6.1544525144E+1	Memory:0x1d4a	double	
g_timeResultup1	6.5536E+4	Memory:0x1d4e	double	
g_timeResultup2	3.4324264522E+2	Memory:0x1d52	double	
tempDownValue	2.05133934E+1	Memory:0x5bc8	double	
tempValueDownBuffer	<array>	Memory:0x2556	double[100]	
g_timeOfFlightDownBuffer	2.0513378144E+1	Memory:0x1f0a	<double>	
[0]	2.0513378144E+1	Memory:0x1f0a	double	
[1]	2.0513374322E+1	Memory:0x1f0e	double	
[2]	2.0513320922E+1	Memory:0x1f12	double	
[3]	2.0513347622E+1	Memory:0x1f16	double	
[4]	2.0513376233E+1	Memory:0x1f1a	double	
[5]	2.05133819E+1	Memory:0x1f1e	double	
[6]	2.0513372422E+1	Memory:0x1f22	double	
[7]	2.05133152E+1	Memory:0x1f26	double	
[8]	2.05133171E+1	Memory:0x1f2a	double	
[9]	2.05134163E+1	Memory:0x1f2e	double	
[10]	2.0513425822E+1	Memory:0x1f32	double	
[11]	2.05134601E+1	Memory:0x1f36	double	
[12]	2.0513423911E+1	Memory:0x1f3a	double	
[13]	2.0513372422E+1	Memory:0x1f3e	double	
[14]	2.0513402933E+1	Memory:0x1f42	double	
[15]	2.0513456344E+1	Memory:0x1f46	double	
[16]	2.0513507844E+1	Memory:0x1f4a	double	
[17]	2.05134468E+1	Memory:0x1f4e	double	
[18]	2.05134601E+1	Memory:0x1f52	double	
[19]	2.0513423911E+1	Memory:0x1f56	double	
[20]	2.0513473511E+1	Memory:0x1f5a	double	
[21]	2.05134716E+1	Memory:0x1f5e	double	
[22]	2.05134716E+1	Memory:0x1f62	double	
[23]	2.05134601E+1	Memory:0x1f66	double	
[24]	2.0513423911E+1	Memory:0x1f6a	double	
[25]	2.05134658E+1	Memory:0x1f6e	double	
[26]	2.0513565E+1	Memory:0x1f72	double	
[27]	2.05135936E+1	Memory:0x1f76	double	
[28]	2.05135498E+1	Memory:0x1f7a	double	
[29]	2.05135498E+1	Memory:0x1f7e	double	
[30]	2.0513505933E+1	Memory:0x1f82	double	
[31]	2.05135498E+1	Memory:0x1f86	double	
[32]	2.0513580322E+1	Memory:0x1f8a	double	
[33]	2.05135364E+1	Memory:0x1f8e	double	
[34]	2.0513544E+1	Memory:0x1f92	double	
[35]	2.0513525E+1	Memory:0x1f96	double	
[36]	2.05135765E+1	Memory:0x1f9a	double	
[37]	2.0513578411E+1	Memory:0x1f9e	double	
[38]	2.05135707E+1	Memory:0x1fa2	double	
[39]	2.05135688E+1	Memory:0x1fa6	double	
[40]	2.05135765E+1	Memory:0x1faa	double	
[41]	2.05136547E+1	Memory:0x1fae	double	
[42]	2.0513565E+1	Memory:0x1fb2	double	
[43]	2.05135746E+1	Memory:0x1fb6	double	
[44]	2.0513561244E+1	Memory:0x1fba	double	
[45]	2.05135936E+1	Memory:0x1fbe	double	
[46]	2.05136013E+1	Memory:0x1fc2	double	
[47]	2.05135917E+1	Memory:0x1fc6	double	
[48]	2.05135631E+1	Memory:0x1fca	double	
[49]	2.05135479E+1	Memory:0x1fce	double	
[50]	2.05134925E+1	Memory:0x1fd2	double	
[51]	2.05135479E+1	Memory:0x1fd6	double	
[52]	2.0513534544E+1	Memory:0x1fda	double	
[53]	2.0513479233E+1	Memory:0x1fde	double	
[54]	2.0513456344E+1	Memory:0x1fe2	double	
[55]	2.05134334E+1	Memory:0x1fe6	double	
[56]	2.05134449E+1	Memory:0x1fea	double	
[57]	2.05135383E+1	Memory:0x1fee	double	
[58]	2.0513553611E+1	Memory:0x1ff2	double	
[59]	2.0513532633E+1	Memory:0x1ff6	double	
[60]	2.0513578411E+1	Memory:0x1ffa	double	
[61]	2.0513483044E+1	Memory:0x1ffe	double	
[62]	2.05134906E+1	Memory:0x2002	double	
[63]	2.05134868E+1	Memory:0x2006	double	
[64]	2.05134182E+1	Memory:0x200a	double	
[65]	2.0513402933E+1	Memory:0x200e	double	
[66]	2.0513448711E+1	Memory:0x2012	double	
[67]	2.05134849E+1	Memory:0x2016	double	
[68]	2.05134697E+1	Memory:0x201a	double	
[69]	2.05133934E+1	Memory:0x201e	double	
[70]	2.05133819E+1	Memory:0x2022	double	
[71]	2.05134334E+1	Memory:0x2026	double	
[72]	2.0513528822E+1	Memory:0x202a	double	
[73]	2.05135746E+1	Memory:0x202e	double	
[74]	2.0513584133E+1	Memory:0x2032	double	
[75]	2.0513534544E+1	Memory:0x2036	double	
[76]	2.0513561244E+1	Memory:0x203a	double	
[77]	2.0513559344E+1	Memory:0x203e	double	
[78]	2.05135383E+1	Memory:0x2042	double	
[79]	2.0513483044E+1	Memory:0x2046	double	
[80]	2.0513528822E+1	Memory:0x204a	double	
[81]	2.0513551711E+1	Memory:0x204e	double	
[82]	2.0513565E+1	Memory:0x2052	double	
[83]	2.05135669E+1	Memory:0x2056	double	
[84]	2.05135364E+1	Memory:0x205a	double	
[85]	2.0513553611E+1	Memory:0x205e	double	
[86]	2.0513534544E+1	Memory:0x2062	double	
[87]	2.05135994E+1	Memory:0x2066	double	
[88]	2.0513631822E+1	Memory:0x206a	double	
[89]	2.05136413E+1	Memory:0x206e	double	
[90]	2.0513605111E+1	Memory:0x2072	double	
[91]	2.0513605111E+1	Memory:0x2076	double	
[92]	2.0513633722E+1	Memory:0x207a	double	
[93]	2.05136718E+1	Memory:0x207e	double	
[94]	2.0513685222E+1	Memory:0x2082	double	
[95]	2.0513647E+1	Memory:0x2086	double	
[96]	2.0513608933E+1	Memory:0x208a	double	
[97]	2.0513687133E+1	Memory:0x208e	double	
[98]	2.0513711922E+1	Memory:0x2092	double	
[99]	2.05137004E+1	Memory:0x2096	double	
tempValueUpBuffer	<array>	Memory:0x23c6	double[100]	
g_timeOfFlightUpBuffer	<array>	Memory:0x1d76	double[100]	
[0]	2.05146522E+1	Memory:0x1d76	double	
[1]	2.05146045E+1	Memory:0x1d7a	double	
[2]	2.0514566422E+1	Memory:0x1d7e	double	
[3]	2.0514564511E+1	Memory:0x1d82	double	
[4]	2.0514621733E+1	Memory:0x1d86	double	
[5]	2.05146789E+1	Memory:0x1d8a	double	
[6]	2.0514669411E+1	Memory:0x1d8e	double	
[7]	2.05146274E+1	Memory:0x1d92	double	
[8]	2.05146122E+1	Memory:0x1d96	double	
[9]	2.0514745711E+1	Memory:0x1d9a	double	
[10]	2.0514747611E+1	Memory:0x1d9e	double	
[11]	2.0514724733E+1	Memory:0x1da2	double	
[12]	2.0514726633E+1	Memory:0x1da6	double	
[13]	2.05146846E+1	Memory:0x1daa	double	
[14]	2.0514694211E+1	Memory:0x1dae	double	
[15]	2.05148143E+1	Memory:0x1db2	double	
[16]	2.0514780044E+1	Memory:0x1db6	double	
[17]	2.0514799111E+1	Memory:0x1dba	double	
[18]	2.0514772411E+1	Memory:0x1dbe	double	
[19]	2.0514738E+1	Memory:0x1dc2	double	
[20]	2.0514755244E+1	Memory:0x1dc6	double	
[21]	2.05148143E+1	Memory:0x1dca	double	
[22]	2.0514806744E+1	Memory:0x1dce	double	
[23]	2.0514862E+1	Memory:0x1dd2	double	
[24]	2.05148334E+1	Memory:0x1dd6	double	
[25]	2.05148182E+1	Memory:0x1dda	double	
[26]	2.05148887E+1	Memory:0x1dde	double	
[27]	2.0514797211E+1	Memory:0x1de2	double	
[28]	2.0514780044E+1	Memory:0x1de6	double	
[29]	2.05147895E+1	Memory:0x1dea	double	
[30]	2.0514747611E+1	Memory:0x1dee	double	
[31]	2.05147438E+1	Memory:0x1df2	double	
[32]	2.05147419E+1	Memory:0x1df6	double	
[33]	2.05147037E+1	Memory:0x1dfa	double	
[34]	2.05147152E+1	Memory:0x1dfe	double	
[35]	2.0514806744E+1	Memory:0x1e02	double	
[36]	2.0514806744E+1	Memory:0x1e06	double	
[37]	2.05148429E+1	Memory:0x1e0a	double	
[38]	2.05147667E+1	Memory:0x1e0e	double	
[39]	2.05147667E+1	Memory:0x1e12	double	
[40]	2.0514841E+1	Memory:0x1e16	double	
[41]	2.0514902111E+1	Memory:0x1e1a	double	
[42]	2.05148639E+1	Memory:0x1e1e	double	
[43]	2.0514875411E+1	Memory:0x1e22	double	
[44]	2.0514883044E+1	Memory:0x1e26	double	
[45]	2.05148086E+1	Memory:0x1e2a	double	
[46]	2.0514881133E+1	Memory:0x1e2e	double	
[47]	2.0514856333E+1	Memory:0x1e32	double	
[48]	2.05148162E+1	Memory:0x1e36	double	
[49]	2.0514797211E+1	Memory:0x1e3a	double	
[50]	2.0514799111E+1	Memory:0x1e3e	double	
[51]	2.0514879222E+1	Memory:0x1e42	double	
[52]	2.05149154E+1	Memory:0x1e46	double	
[53]	2.0514877311E+1	Memory:0x1e4a	double	
[54]	2.05148449E+1	Memory:0x1e4e	double	
[55]	2.05148372E+1	Memory:0x1e52	double	
[56]	2.0514827722E+1	Memory:0x1e56	double	
[57]	2.05149402E+1	Memory:0x1e5a	double	
[58]	2.0514928811E+1	Memory:0x1e5e	double	
[59]	2.0514909744E+1	Memory:0x1e62	double	
[60]	2.05148735E+1	Memory:0x1e66	double	
[61]	2.05148964E+1	Memory:0x1e6a	double	
[62]	2.05148983E+1	Memory:0x1e6e	double	
[63]	2.0514902111E+1	Memory:0x1e72	double	
[64]	2.05148944E+1	Memory:0x1e76	double	
[65]	2.0514772411E+1	Memory:0x1e7a	double	
[66]	2.0514801022E+1	Memory:0x1e7e	double	
[67]	2.05148182E+1	Memory:0x1e82	double	
[68]	2.0514823911E+1	Memory:0x1e86	double	
[69]	2.05148391E+1	Memory:0x1e8a	double	
[70]	2.0514797211E+1	Memory:0x1e8e	double	
[71]	2.05147953E+1	Memory:0x1e92	double	
[72]	2.0514926911E+1	Memory:0x1e96	double	
[73]	2.05148964E+1	Memory:0x1e9a	double	
[74]	2.05149192E+1	Memory:0x1e9e	double	
[75]	2.05148925E+1	Memory:0x1ea2	double	
[76]	2.05148696E+1	Memory:0x1ea6	double	
[77]	2.05149192E+1	Memory:0x1eaa	double	
[78]	2.0514934533E+1	Memory:0x1eae	double	
[79]	2.05149192E+1	Memory:0x1eb2	double	
[80]	2.05149002E+1	Memory:0x1eb6	double	
[81]	2.05148735E+1	Memory:0x1eba	double	
[82]	2.05148449E+1	Memory:0x1ebe	double	
[83]	2.0514850611E+1	Memory:0x1ec2	double	
[84]	2.05148601E+1	Memory:0x1ec6	double	
[85]	2.05148162E+1	Memory:0x1eca	double	
[86]	2.05148201E+1	Memory:0x1ece	double	
[87]	2.0514827722E+1	Memory:0x1ed2	double	
[88]	2.05148201E+1	Memory:0x1ed6	double	
[89]	2.05147914E+1	Memory:0x1eda	double	
[90]	2.0514852522E+1	Memory:0x1ede	double	
[91]	2.0514827722E+1	Memory:0x1ee2	double	
[92]	2.05148162E+1	Memory:0x1ee6	double	
[93]	2.05148487E+1	Memory:0x1eea	double	
[94]	2.05148658E+1	Memory:0x1eee	double	
[95]	2.0514881133E+1	Memory:0x1ef2	double	
[96]	2.0514850611E+1	Memory:0x1ef6	double	
[97]	2.0514884944E+1	Memory:0x1efa	double	
[98]	2.05148983E+1	Memory:0x1efe	double	
[99]	2.05148353E+1	Memory:0x1f02	double	
